{"level":"info","message":"Server running on http://localhost:5000","service":"identity-service","timestamp":"2025-06-14T16:28:32.864Z"}
{"level":"info","message":"Server running on http://localhost:5000","service":"identity-service","timestamp":"2025-06-14T16:29:58.957Z"}
{"level":"info","message":"Server running on http://localhost:5000","service":"identity-service","timestamp":"2025-06-14T16:31:41.668Z"}
{"level":"info","message":"Server running on http://localhost:5000","service":"identity-service","timestamp":"2025-06-14T16:32:46.694Z"}
{"level":"info","message":"Server running on http://localhost:5000","service":"identity-service","timestamp":"2025-06-14T16:33:17.399Z"}
{"level":"info","message":"Server running on http://localhost:5000","service":"identity-service","timestamp":"2025-06-14T16:36:14.816Z"}
{"level":"info","message":"Server running on http://localhost:5000","service":"identity-service","timestamp":"2025-06-14T16:36:41.105Z"}
{"level":"info","message":"Server running on http://localhost:5000","service":"identity-service","timestamp":"2025-06-14T16:38:10.821Z"}
{"level":"info","message":"Server running on http://localhost:5000","service":"identity-service","timestamp":"2025-06-14T16:45:11.269Z"}
{"level":"info","message":"Server running on http://localhost:5000","service":"identity-service","timestamp":"2025-06-14T16:45:45.248Z"}
{"level":"info","message":"Server running on http://localhost:5000","service":"identity-service","timestamp":"2025-06-14T16:49:07.953Z"}
{"level":"info","message":"Server running on http://localhost:5000","service":"identity-service","timestamp":"2025-06-14T16:50:25.679Z"}
{"level":"info","message":"Server running on http://localhost:5000","service":"identity-service","timestamp":"2025-06-14T17:01:23.842Z"}
{"level":"info","message":"Server running on http://localhost:5000","service":"identity-service","timestamp":"2025-06-15T03:18:42.707Z"}
{"level":"info","message":"User with email sachingajendrasingh@gmail.com registered successfully","service":"identity-service","timestamp":"2025-06-15T03:22:00.504Z"}
{"level":"info","message":"User with email sachingajendrasingh@gmail.com logged in successfully","service":"identity-service","timestamp":"2025-06-15T03:23:53.576Z"}
{"level":"warn","message":"No refresh token provided for logout","service":"identity-service","timestamp":"2025-06-15T03:24:02.237Z"}
{"code":"ERR_HTTP_HEADERS_SENT","level":"error","message":"Error during logout Cannot set headers after they are sent to the client","service":"identity-service","stack":"Error: Cannot set headers after they are sent to the client\n    at ServerResponse.setHeader (node:_http_outgoing:699:11)\n    at ServerResponse.header (C:\\BackEnd\\auth-api\\node_modules\\express\\lib\\response.js:684:10)\n    at ServerResponse.append (C:\\BackEnd\\auth-api\\node_modules\\express\\lib\\response.js:645:15)\n    at ServerResponse.res.cookie (C:\\BackEnd\\auth-api\\node_modules\\express\\lib\\response.js:777:8)\n    at ServerResponse.clearCookie (C:\\BackEnd\\auth-api\\node_modules\\express\\lib\\response.js:720:15)\n    at C:\\BackEnd\\auth-api\\src\\controllers\\auth.ts:114:9\n    at Generator.next (<anonymous>)\n    at C:\\BackEnd\\auth-api\\src\\controllers\\auth.ts:8:71\n    at new Promise (<anonymous>)\n    at __awaiter (C:\\BackEnd\\auth-api\\src\\controllers\\auth.ts:4:12)","timestamp":"2025-06-15T03:24:02.258Z"}
{"level":"info","message":"Server running on http://localhost:5000","service":"identity-service","timestamp":"2025-06-15T03:29:19.569Z"}
{"level":"warn","message":"No refresh token provided","service":"identity-service","timestamp":"2025-06-15T03:30:04.721Z"}
{"level":"error","message":"Invalid refresh token","service":"identity-service","timestamp":"2025-06-15T03:30:04.725Z"}
{"level":"info","message":"User with email sachingajendrasingh@gmail.com logged in successfully","service":"identity-service","timestamp":"2025-06-15T03:30:11.175Z"}
{"level":"warn","message":"No refresh token provided","service":"identity-service","timestamp":"2025-06-15T03:30:18.817Z"}
{"level":"error","message":"Invalid refresh token","service":"identity-service","timestamp":"2025-06-15T03:30:18.818Z"}
{"level":"info","message":"Server running on http://localhost:5000","service":"identity-service","timestamp":"2025-06-15T03:36:15.975Z"}
{"level":"info","message":"Server running on http://localhost:5000","service":"identity-service","timestamp":"2025-06-15T03:38:06.909Z"}
{"level":"info","message":"Server running on http://localhost:5000","service":"identity-service","timestamp":"2025-06-15T03:38:21.766Z"}
{"level":"info","message":"Server running on http://localhost:5000","service":"identity-service","timestamp":"2025-06-15T03:42:18.877Z"}
{"level":"info","message":"Server running on http://localhost:5000","service":"identity-service"}
{"level":"info","message":"Server running on http://localhost:5000","service":"identity-service"}
{"level":"info","message":"Server running on http://localhost:5000","service":"auth-service"}
{"level":"info","message":"Server running on http://localhost:5000","service":"auth-service","timestamp":"2025-06-15T03:43:19.444Z"}
{"level":"warn","message":"No refresh token provided","service":"auth-service","timestamp":"2025-06-15T03:43:41.850Z"}
{"level":"info","message":"User with email sachingajendrasingh@gmail.com logged in successfully","service":"auth-service","timestamp":"2025-06-15T03:44:04.224Z"}
{"level":"info","message":"Server running on http://localhost:5000","service":"auth-service","timestamp":"2025-06-15T03:45:16.292Z"}
{"level":"info","message":"Server running on http://localhost:5000","service":"auth-service","timestamp":"2025-06-15T03:45:42.180Z"}
{"level":"error","message":"Redis is already connecting/connected","service":"auth-service","stack":"Error: Redis is already connecting/connected\n    at C:\\BackEnd\\auth-api\\node_modules\\ioredis\\built\\Redis.js:107:24\n    at new Promise (<anonymous>)\n    at EventEmitter.connect (C:\\BackEnd\\auth-api\\node_modules\\ioredis\\built\\Redis.js:103:25)\n    at C:\\BackEnd\\auth-api\\src\\utils\\redis.ts:11:22\n    at Generator.next (<anonymous>)\n    at C:\\BackEnd\\auth-api\\src\\utils\\redis.ts:8:71\n    at new Promise (<anonymous>)\n    at __awaiter (C:\\BackEnd\\auth-api\\src\\utils\\redis.ts:4:12)\n    at connectRedis (C:\\BackEnd\\auth-api\\src\\utils\\redis.ts:23:12)\n    at Object.<anonymous> (C:\\BackEnd\\auth-api\\src\\app.ts:18:13)","timestamp":"2025-06-15T03:45:42.195Z"}
{"level":"info","message":"Redis connection closed","service":"auth-service","timestamp":"2025-06-15T03:45:42.200Z"}
{"level":"info","message":"Server running on http://localhost:5000","service":"auth-service","timestamp":"2025-06-15T03:45:54.817Z"}
{"level":"error","message":"Redis is already connecting/connected","service":"auth-service","stack":"Error: Redis is already connecting/connected\n    at C:\\BackEnd\\auth-api\\node_modules\\ioredis\\built\\Redis.js:107:24\n    at new Promise (<anonymous>)\n    at EventEmitter.connect (C:\\BackEnd\\auth-api\\node_modules\\ioredis\\built\\Redis.js:103:25)\n    at C:\\BackEnd\\auth-api\\src\\utils\\redis.ts:11:22\n    at Generator.next (<anonymous>)\n    at C:\\BackEnd\\auth-api\\src\\utils\\redis.ts:8:71\n    at new Promise (<anonymous>)\n    at __awaiter (C:\\BackEnd\\auth-api\\src\\utils\\redis.ts:4:12)\n    at connectRedis (C:\\BackEnd\\auth-api\\src\\utils\\redis.ts:23:12)\n    at Object.<anonymous> (C:\\BackEnd\\auth-api\\src\\app.ts:18:13)","timestamp":"2025-06-15T03:45:54.832Z"}
{"level":"info","message":"Redis connection closed","service":"auth-service","timestamp":"2025-06-15T03:45:54.838Z"}
{"level":"info","message":"Server running on http://localhost:5000","service":"auth-service","timestamp":"2025-06-15T03:46:04.084Z"}
{"level":"error","message":"Redis is already connecting/connected","service":"auth-service","stack":"Error: Redis is already connecting/connected\n    at C:\\BackEnd\\auth-api\\node_modules\\ioredis\\built\\Redis.js:107:24\n    at new Promise (<anonymous>)\n    at EventEmitter.connect (C:\\BackEnd\\auth-api\\node_modules\\ioredis\\built\\Redis.js:103:25)\n    at C:\\BackEnd\\auth-api\\src\\utils\\redis.ts:11:22\n    at Generator.next (<anonymous>)\n    at C:\\BackEnd\\auth-api\\src\\utils\\redis.ts:8:71\n    at new Promise (<anonymous>)\n    at __awaiter (C:\\BackEnd\\auth-api\\src\\utils\\redis.ts:4:12)\n    at connectRedis (C:\\BackEnd\\auth-api\\src\\utils\\redis.ts:23:12)\n    at Object.<anonymous> (C:\\BackEnd\\auth-api\\src\\app.ts:18:13)","timestamp":"2025-06-15T03:46:04.101Z"}
{"level":"info","message":"Redis connection closed","service":"auth-service","timestamp":"2025-06-15T03:46:04.108Z"}
{"level":"info","message":"Server running on http://localhost:5000","service":"auth-service","timestamp":"2025-06-15T03:46:39.499Z"}
{"level":"info","message":"Redis client connected","service":"auth-service","timestamp":"2025-06-15T03:46:39.585Z"}
{"level":"info","message":"Redis client ready","service":"auth-service","timestamp":"2025-06-15T03:46:39.616Z"}
{"level":"info","message":"Redis test key value: Redis is connected","service":"auth-service","timestamp":"2025-06-15T03:46:39.664Z"}
{"level":"info","message":"Redis connection test successful","service":"auth-service","timestamp":"2025-06-15T03:46:39.665Z"}
{"level":"info","message":"Server running on http://localhost:5000","service":"auth-service","timestamp":"2025-06-15T03:46:56.964Z"}
{"level":"info","message":"Redis client connected","service":"auth-service","timestamp":"2025-06-15T03:46:57.059Z"}
{"level":"info","message":"Redis client ready","service":"auth-service","timestamp":"2025-06-15T03:46:57.090Z"}
{"level":"info","message":"Redis test key value: Redis is connected","service":"auth-service","timestamp":"2025-06-15T03:46:57.148Z"}
{"level":"info","message":"Redis connection test successful","service":"auth-service","timestamp":"2025-06-15T03:46:57.149Z"}
{"level":"info","message":"Server running on http://localhost:5000","service":"auth-service","timestamp":"2025-06-15T03:47:01.441Z"}
{"level":"info","message":"Redis client connected","service":"auth-service","timestamp":"2025-06-15T03:47:01.522Z"}
{"level":"info","message":"Redis client ready","service":"auth-service","timestamp":"2025-06-15T03:47:01.563Z"}
{"level":"info","message":"Redis test key value: Redis is connected","service":"auth-service","timestamp":"2025-06-15T03:47:01.609Z"}
{"level":"info","message":"Redis connection test successful","service":"auth-service","timestamp":"2025-06-15T03:47:01.610Z"}
{"level":"info","message":"Server running on http://localhost:5000","service":"auth-service","timestamp":"2025-06-15T03:47:15.833Z"}
{"level":"info","message":"Redis client connected","service":"auth-service","timestamp":"2025-06-15T03:47:15.917Z"}
{"level":"info","message":"Redis client ready","service":"auth-service","timestamp":"2025-06-15T03:47:15.949Z"}
{"level":"info","message":"Redis test key value: Redis is connected","service":"auth-service","timestamp":"2025-06-15T03:47:15.996Z"}
{"level":"info","message":"Redis connection test successful","service":"auth-service","timestamp":"2025-06-15T03:47:15.998Z"}
{"level":"info","message":"Server running on http://localhost:5000","service":"auth-service","timestamp":"2025-06-15T03:50:10.086Z"}
{"level":"info","message":"Redis client connected","service":"auth-service","timestamp":"2025-06-15T03:50:10.184Z"}
{"level":"info","message":"Redis client ready","service":"auth-service","timestamp":"2025-06-15T03:50:10.213Z"}
{"level":"info","message":"Redis test key value: Redis is connected","service":"auth-service","timestamp":"2025-06-15T03:50:10.263Z"}
{"level":"info","message":"Redis connection test successful","service":"auth-service","timestamp":"2025-06-15T03:50:10.264Z"}
{"level":"info","message":"Server running on http://localhost:5000","service":"auth-service","timestamp":"2025-06-15T04:02:00.934Z"}
{"level":"info","message":"Redis client connected","service":"auth-service","timestamp":"2025-06-15T04:02:01.035Z"}
{"level":"info","message":"Redis client ready","service":"auth-service","timestamp":"2025-06-15T04:02:01.067Z"}
{"level":"info","message":"Redis test key value: Redis is connected","service":"auth-service","timestamp":"2025-06-15T04:02:01.116Z"}
{"level":"info","message":"Redis connection test successful","service":"auth-service","timestamp":"2025-06-15T04:02:01.117Z"}
{"level":"info","message":"Server running on http://localhost:5000","service":"auth-service","timestamp":"2025-06-15T04:02:17.056Z"}
{"level":"info","message":"Redis client connected","service":"auth-service","timestamp":"2025-06-15T04:02:17.142Z"}
{"level":"info","message":"Redis client ready","service":"auth-service","timestamp":"2025-06-15T04:02:17.172Z"}
{"level":"info","message":"Redis test key value: Redis is connected","service":"auth-service","timestamp":"2025-06-15T04:02:17.221Z"}
{"level":"info","message":"Redis connection test successful","service":"auth-service","timestamp":"2025-06-15T04:02:17.222Z"}
{"level":"info","message":"Server running on http://localhost:5000","service":"auth-service","timestamp":"2025-06-15T16:03:49.864Z"}
{"level":"info","message":"Redis client connected","service":"auth-service","timestamp":"2025-06-15T16:03:49.914Z"}
{"level":"info","message":"Redis client ready","service":"auth-service","timestamp":"2025-06-15T16:03:49.930Z"}
{"level":"info","message":"Redis test key value: Redis is connected","service":"auth-service","timestamp":"2025-06-15T16:03:49.953Z"}
{"level":"info","message":"Redis connection test successful","service":"auth-service","timestamp":"2025-06-15T16:03:49.954Z"}
{"level":"warn","message":"something is wrong","service":"auth-service","timestamp":"2025-06-15T16:05:00.247Z"}
{"level":"info","message":"Request received","service":"auth-service","timestamp":"2025-06-15T16:05:00.249Z"}
{"headers":{"accept":"image/avif,image/webp,image/apng,image/svg+xml,image/*,*/*;q=0.8","accept-encoding":"gzip, deflate, br, zstd","accept-language":"en-US,en;q=0.9","connection":"keep-alive","host":"localhost:5000","referer":"http://localhost:5000/","sec-ch-ua":"\"Google Chrome\";v=\"137\", \"Chromium\";v=\"137\", \"Not/A)Brand\";v=\"24\"","sec-ch-ua-mobile":"?0","sec-ch-ua-platform":"\"Windows\"","sec-fetch-dest":"image","sec-fetch-mode":"no-cors","sec-fetch-site":"same-origin","user-agent":"Mozilla/5.0 (Windows NT 10.0; Win64; x64) AppleWebKit/537.36 (KHTML, like Gecko) Chrome/137.0.0.0 Safari/537.36"},"level":"debug","message":"Request details","method":"GET","service":"auth-service","timestamp":"2025-06-15T16:05:00.250Z","url":"/favicon.ico"}
{"level":"info","message":"GET /favicon.ico","service":"auth-service","timestamp":"2025-06-15T16:05:00.252Z"}
{"level":"info","message":"Server running on http://localhost:5000","service":"auth-service","timestamp":"2025-06-15T16:07:18.317Z"}
{"level":"info","message":"Redis client connected","service":"auth-service","timestamp":"2025-06-15T16:07:18.372Z"}
{"level":"info","message":"Redis client ready","service":"auth-service","timestamp":"2025-06-15T16:07:18.390Z"}
{"level":"info","message":"Redis test key value: Redis is connected","service":"auth-service","timestamp":"2025-06-15T16:07:18.432Z"}
{"level":"info","message":"Redis connection test successful","service":"auth-service","timestamp":"2025-06-15T16:07:18.433Z"}
{"level":"info","message":"Server running on http://localhost:5000","service":"auth-service","timestamp":"2025-06-15T16:10:11.089Z"}
{"level":"info","message":"Redis client connected","service":"auth-service","timestamp":"2025-06-15T16:10:11.146Z"}
{"level":"info","message":"Redis client ready","service":"auth-service","timestamp":"2025-06-15T16:10:11.167Z"}
{"level":"info","message":"Redis test key value: Redis is connected","service":"auth-service","timestamp":"2025-06-15T16:10:11.187Z"}
{"level":"info","message":"Redis connection test successful","service":"auth-service","timestamp":"2025-06-15T16:10:11.188Z"}
{"level":"info","message":"Server running on http://localhost:5000","service":"auth-service","timestamp":"2025-06-15T16:19:07.145Z"}
{"level":"info","message":"Redis client connected","service":"auth-service","timestamp":"2025-06-15T16:19:07.207Z"}
{"level":"info","message":"Redis client ready","service":"auth-service","timestamp":"2025-06-15T16:19:07.223Z"}
{"level":"info","message":"Redis test key value: Redis is connected","service":"auth-service","timestamp":"2025-06-15T16:19:07.243Z"}
{"level":"info","message":"Redis connection test successful","service":"auth-service","timestamp":"2025-06-15T16:19:07.244Z"}
{"code":"ECONNRESET","errno":-4077,"level":"error","message":"Redis client error: read ECONNRESET","service":"auth-service","stack":"Error: read ECONNRESET\n    at TLSWrap.onStreamRead (node:internal/stream_base_commons:216:20)","syscall":"read","timestamp":"2025-06-15T16:26:49.601Z"}
{"code":"ENOTFOUND","errno":-3008,"hostname":"smooth-weevil-26795.upstash.io","level":"error","message":"Redis client error: getaddrinfo ENOTFOUND smooth-weevil-26795.upstash.io","service":"auth-service","stack":"Error: getaddrinfo ENOTFOUND smooth-weevil-26795.upstash.io\n    at GetAddrInfoReqWrap.onlookup [as oncomplete] (node:dns:109:26)","syscall":"getaddrinfo","timestamp":"2025-06-15T16:26:52.778Z"}
{"code":"ENOTFOUND","errno":-3008,"hostname":"smooth-weevil-26795.upstash.io","level":"error","message":"Redis client error: getaddrinfo ENOTFOUND smooth-weevil-26795.upstash.io","service":"auth-service","stack":"Error: getaddrinfo ENOTFOUND smooth-weevil-26795.upstash.io\n    at GetAddrInfoReqWrap.onlookup [as oncomplete] (node:dns:109:26)","syscall":"getaddrinfo","timestamp":"2025-06-15T16:26:52.888Z"}
{"code":"ENOTFOUND","errno":-3008,"hostname":"smooth-weevil-26795.upstash.io","level":"error","message":"Redis client error: getaddrinfo ENOTFOUND smooth-weevil-26795.upstash.io","service":"auth-service","stack":"Error: getaddrinfo ENOTFOUND smooth-weevil-26795.upstash.io\n    at GetAddrInfoReqWrap.onlookup [as oncomplete] (node:dns:109:26)","syscall":"getaddrinfo","timestamp":"2025-06-15T16:26:53.059Z"}
{"code":"ENOTFOUND","errno":-3008,"hostname":"smooth-weevil-26795.upstash.io","level":"error","message":"Redis client error: getaddrinfo ENOTFOUND smooth-weevil-26795.upstash.io","service":"auth-service","stack":"Error: getaddrinfo ENOTFOUND smooth-weevil-26795.upstash.io\n    at GetAddrInfoReqWrap.onlookup [as oncomplete] (node:dns:109:26)","syscall":"getaddrinfo","timestamp":"2025-06-15T16:26:53.278Z"}
{"code":"ENOTFOUND","errno":-3008,"hostname":"smooth-weevil-26795.upstash.io","level":"error","message":"Redis client error: getaddrinfo ENOTFOUND smooth-weevil-26795.upstash.io","service":"auth-service","stack":"Error: getaddrinfo ENOTFOUND smooth-weevil-26795.upstash.io\n    at GetAddrInfoReqWrap.onlookup [as oncomplete] (node:dns:109:26)","syscall":"getaddrinfo","timestamp":"2025-06-15T16:26:53.545Z"}
{"code":"ENOTFOUND","errno":-3008,"hostname":"smooth-weevil-26795.upstash.io","level":"error","message":"Redis client error: getaddrinfo ENOTFOUND smooth-weevil-26795.upstash.io","service":"auth-service","stack":"Error: getaddrinfo ENOTFOUND smooth-weevil-26795.upstash.io\n    at GetAddrInfoReqWrap.onlookup [as oncomplete] (node:dns:109:26)","syscall":"getaddrinfo","timestamp":"2025-06-15T16:26:53.855Z"}
{"code":"ENOTFOUND","errno":-3008,"hostname":"smooth-weevil-26795.upstash.io","level":"error","message":"Redis client error: getaddrinfo ENOTFOUND smooth-weevil-26795.upstash.io","service":"auth-service","stack":"Error: getaddrinfo ENOTFOUND smooth-weevil-26795.upstash.io\n    at GetAddrInfoReqWrap.onlookup [as oncomplete] (node:dns:109:26)","syscall":"getaddrinfo","timestamp":"2025-06-15T16:26:54.217Z"}
{"code":"ENOTFOUND","errno":-3008,"hostname":"smooth-weevil-26795.upstash.io","level":"error","message":"Redis client error: getaddrinfo ENOTFOUND smooth-weevil-26795.upstash.io","service":"auth-service","stack":"Error: getaddrinfo ENOTFOUND smooth-weevil-26795.upstash.io\n    at GetAddrInfoReqWrap.onlookup [as oncomplete] (node:dns:109:26)","syscall":"getaddrinfo","timestamp":"2025-06-15T16:26:54.624Z"}
{"code":"ENOTFOUND","errno":-3008,"hostname":"smooth-weevil-26795.upstash.io","level":"error","message":"Redis client error: getaddrinfo ENOTFOUND smooth-weevil-26795.upstash.io","service":"auth-service","stack":"Error: getaddrinfo ENOTFOUND smooth-weevil-26795.upstash.io\n    at GetAddrInfoReqWrap.onlookup [as oncomplete] (node:dns:109:26)","syscall":"getaddrinfo","timestamp":"2025-06-15T16:26:55.079Z"}
{"code":"ENOTFOUND","errno":-3008,"hostname":"smooth-weevil-26795.upstash.io","level":"error","message":"Redis client error: getaddrinfo ENOTFOUND smooth-weevil-26795.upstash.io","service":"auth-service","stack":"Error: getaddrinfo ENOTFOUND smooth-weevil-26795.upstash.io\n    at GetAddrInfoReqWrap.onlookup [as oncomplete] (node:dns:109:26)","syscall":"getaddrinfo","timestamp":"2025-06-15T16:26:55.594Z"}
{"code":"ENOTFOUND","errno":-3008,"hostname":"smooth-weevil-26795.upstash.io","level":"error","message":"Redis client error: getaddrinfo ENOTFOUND smooth-weevil-26795.upstash.io","service":"auth-service","stack":"Error: getaddrinfo ENOTFOUND smooth-weevil-26795.upstash.io\n    at GetAddrInfoReqWrap.onlookup [as oncomplete] (node:dns:109:26)","syscall":"getaddrinfo","timestamp":"2025-06-15T16:26:56.156Z"}
{"code":"ENOTFOUND","errno":-3008,"hostname":"smooth-weevil-26795.upstash.io","level":"error","message":"Redis client error: getaddrinfo ENOTFOUND smooth-weevil-26795.upstash.io","service":"auth-service","stack":"Error: getaddrinfo ENOTFOUND smooth-weevil-26795.upstash.io\n    at GetAddrInfoReqWrap.onlookup [as oncomplete] (node:dns:109:26)","syscall":"getaddrinfo","timestamp":"2025-06-15T16:26:56.763Z"}
{"code":"ENOTFOUND","errno":-3008,"hostname":"smooth-weevil-26795.upstash.io","level":"error","message":"Redis client error: getaddrinfo ENOTFOUND smooth-weevil-26795.upstash.io","service":"auth-service","stack":"Error: getaddrinfo ENOTFOUND smooth-weevil-26795.upstash.io\n    at GetAddrInfoReqWrap.onlookup [as oncomplete] (node:dns:109:26)","syscall":"getaddrinfo","timestamp":"2025-06-15T16:26:57.421Z"}
{"code":"ENOTFOUND","errno":-3008,"hostname":"smooth-weevil-26795.upstash.io","level":"error","message":"Redis client error: getaddrinfo ENOTFOUND smooth-weevil-26795.upstash.io","service":"auth-service","stack":"Error: getaddrinfo ENOTFOUND smooth-weevil-26795.upstash.io\n    at GetAddrInfoReqWrap.onlookup [as oncomplete] (node:dns:109:26)","syscall":"getaddrinfo","timestamp":"2025-06-15T16:26:58.126Z"}
{"code":"ENOTFOUND","errno":-3008,"hostname":"smooth-weevil-26795.upstash.io","level":"error","message":"Redis client error: getaddrinfo ENOTFOUND smooth-weevil-26795.upstash.io","service":"auth-service","stack":"Error: getaddrinfo ENOTFOUND smooth-weevil-26795.upstash.io\n    at GetAddrInfoReqWrap.onlookup [as oncomplete] (node:dns:109:26)","syscall":"getaddrinfo","timestamp":"2025-06-15T16:26:58.896Z"}
{"code":"ENOTFOUND","errno":-3008,"hostname":"smooth-weevil-26795.upstash.io","level":"error","message":"Redis client error: getaddrinfo ENOTFOUND smooth-weevil-26795.upstash.io","service":"auth-service","stack":"Error: getaddrinfo ENOTFOUND smooth-weevil-26795.upstash.io\n    at GetAddrInfoReqWrap.onlookup [as oncomplete] (node:dns:109:26)","syscall":"getaddrinfo","timestamp":"2025-06-15T16:26:59.709Z"}
{"code":"ENOTFOUND","errno":-3008,"hostname":"smooth-weevil-26795.upstash.io","level":"error","message":"Redis client error: getaddrinfo ENOTFOUND smooth-weevil-26795.upstash.io","service":"auth-service","stack":"Error: getaddrinfo ENOTFOUND smooth-weevil-26795.upstash.io\n    at GetAddrInfoReqWrap.onlookup [as oncomplete] (node:dns:109:26)","syscall":"getaddrinfo","timestamp":"2025-06-15T16:27:00.573Z"}
{"code":"ENOTFOUND","errno":-3008,"hostname":"smooth-weevil-26795.upstash.io","level":"error","message":"Redis client error: getaddrinfo ENOTFOUND smooth-weevil-26795.upstash.io","service":"auth-service","stack":"Error: getaddrinfo ENOTFOUND smooth-weevil-26795.upstash.io\n    at GetAddrInfoReqWrap.onlookup [as oncomplete] (node:dns:109:26)","syscall":"getaddrinfo","timestamp":"2025-06-15T16:27:01.482Z"}
{"code":"ENOTFOUND","errno":-3008,"hostname":"smooth-weevil-26795.upstash.io","level":"error","message":"Redis client error: getaddrinfo ENOTFOUND smooth-weevil-26795.upstash.io","service":"auth-service","stack":"Error: getaddrinfo ENOTFOUND smooth-weevil-26795.upstash.io\n    at GetAddrInfoReqWrap.onlookup [as oncomplete] (node:dns:109:26)","syscall":"getaddrinfo","timestamp":"2025-06-15T16:27:02.453Z"}
{"code":"ENOTFOUND","errno":-3008,"hostname":"smooth-weevil-26795.upstash.io","level":"error","message":"Redis client error: getaddrinfo ENOTFOUND smooth-weevil-26795.upstash.io","service":"auth-service","stack":"Error: getaddrinfo ENOTFOUND smooth-weevil-26795.upstash.io\n    at GetAddrInfoReqWrap.onlookup [as oncomplete] (node:dns:109:26)","syscall":"getaddrinfo","timestamp":"2025-06-15T16:27:03.468Z"}
{"code":"ENOTFOUND","errno":-3008,"hostname":"smooth-weevil-26795.upstash.io","level":"error","message":"Redis client error: getaddrinfo ENOTFOUND smooth-weevil-26795.upstash.io","service":"auth-service","stack":"Error: getaddrinfo ENOTFOUND smooth-weevil-26795.upstash.io\n    at GetAddrInfoReqWrap.onlookup [as oncomplete] (node:dns:109:26)","syscall":"getaddrinfo","timestamp":"2025-06-15T16:27:04.539Z"}
{"code":"ENOTFOUND","errno":-3008,"hostname":"smooth-weevil-26795.upstash.io","level":"error","message":"Redis client error: getaddrinfo ENOTFOUND smooth-weevil-26795.upstash.io","service":"auth-service","stack":"Error: getaddrinfo ENOTFOUND smooth-weevil-26795.upstash.io\n    at GetAddrInfoReqWrap.onlookup [as oncomplete] (node:dns:109:26)","syscall":"getaddrinfo","timestamp":"2025-06-15T16:27:05.647Z"}
{"code":"ENOTFOUND","errno":-3008,"hostname":"smooth-weevil-26795.upstash.io","level":"error","message":"Redis client error: getaddrinfo ENOTFOUND smooth-weevil-26795.upstash.io","service":"auth-service","stack":"Error: getaddrinfo ENOTFOUND smooth-weevil-26795.upstash.io\n    at GetAddrInfoReqWrap.onlookup [as oncomplete] (node:dns:109:26)","syscall":"getaddrinfo","timestamp":"2025-06-15T16:27:06.805Z"}
{"code":"ENOTFOUND","errno":-3008,"hostname":"smooth-weevil-26795.upstash.io","level":"error","message":"Redis client error: getaddrinfo ENOTFOUND smooth-weevil-26795.upstash.io","service":"auth-service","stack":"Error: getaddrinfo ENOTFOUND smooth-weevil-26795.upstash.io\n    at GetAddrInfoReqWrap.onlookup [as oncomplete] (node:dns:109:26)","syscall":"getaddrinfo","timestamp":"2025-06-15T16:27:08.008Z"}
{"code":"ENOTFOUND","errno":-3008,"hostname":"smooth-weevil-26795.upstash.io","level":"error","message":"Redis client error: getaddrinfo ENOTFOUND smooth-weevil-26795.upstash.io","service":"auth-service","stack":"Error: getaddrinfo ENOTFOUND smooth-weevil-26795.upstash.io\n    at GetAddrInfoReqWrap.onlookup [as oncomplete] (node:dns:109:26)","syscall":"getaddrinfo","timestamp":"2025-06-15T16:27:09.263Z"}
{"code":"ENOTFOUND","errno":-3008,"hostname":"smooth-weevil-26795.upstash.io","level":"error","message":"Redis client error: getaddrinfo ENOTFOUND smooth-weevil-26795.upstash.io","service":"auth-service","stack":"Error: getaddrinfo ENOTFOUND smooth-weevil-26795.upstash.io\n    at GetAddrInfoReqWrap.onlookup [as oncomplete] (node:dns:109:26)","syscall":"getaddrinfo","timestamp":"2025-06-15T16:27:10.578Z"}
{"code":"ENOTFOUND","errno":-3008,"hostname":"smooth-weevil-26795.upstash.io","level":"error","message":"Redis client error: getaddrinfo ENOTFOUND smooth-weevil-26795.upstash.io","service":"auth-service","stack":"Error: getaddrinfo ENOTFOUND smooth-weevil-26795.upstash.io\n    at GetAddrInfoReqWrap.onlookup [as oncomplete] (node:dns:109:26)","syscall":"getaddrinfo","timestamp":"2025-06-15T16:27:11.939Z"}
{"code":"ENOTFOUND","errno":-3008,"hostname":"smooth-weevil-26795.upstash.io","level":"error","message":"Redis client error: getaddrinfo ENOTFOUND smooth-weevil-26795.upstash.io","service":"auth-service","stack":"Error: getaddrinfo ENOTFOUND smooth-weevil-26795.upstash.io\n    at GetAddrInfoReqWrap.onlookup [as oncomplete] (node:dns:109:26)","syscall":"getaddrinfo","timestamp":"2025-06-15T16:27:13.353Z"}
{"code":"ENOTFOUND","errno":-3008,"hostname":"smooth-weevil-26795.upstash.io","level":"error","message":"Redis client error: getaddrinfo ENOTFOUND smooth-weevil-26795.upstash.io","service":"auth-service","stack":"Error: getaddrinfo ENOTFOUND smooth-weevil-26795.upstash.io\n    at GetAddrInfoReqWrap.onlookup [as oncomplete] (node:dns:109:26)","syscall":"getaddrinfo","timestamp":"2025-06-15T16:27:14.821Z"}
{"code":"ENOTFOUND","errno":-3008,"hostname":"smooth-weevil-26795.upstash.io","level":"error","message":"Redis client error: getaddrinfo ENOTFOUND smooth-weevil-26795.upstash.io","service":"auth-service","stack":"Error: getaddrinfo ENOTFOUND smooth-weevil-26795.upstash.io\n    at GetAddrInfoReqWrap.onlookup [as oncomplete] (node:dns:109:26)","syscall":"getaddrinfo","timestamp":"2025-06-15T16:27:16.332Z"}
{"code":"ENOTFOUND","errno":-3008,"hostname":"smooth-weevil-26795.upstash.io","level":"error","message":"Redis client error: getaddrinfo ENOTFOUND smooth-weevil-26795.upstash.io","service":"auth-service","stack":"Error: getaddrinfo ENOTFOUND smooth-weevil-26795.upstash.io\n    at GetAddrInfoReqWrap.onlookup [as oncomplete] (node:dns:109:26)","syscall":"getaddrinfo","timestamp":"2025-06-15T16:27:17.894Z"}
{"code":"ENOTFOUND","errno":-3008,"hostname":"smooth-weevil-26795.upstash.io","level":"error","message":"Redis client error: getaddrinfo ENOTFOUND smooth-weevil-26795.upstash.io","service":"auth-service","stack":"Error: getaddrinfo ENOTFOUND smooth-weevil-26795.upstash.io\n    at GetAddrInfoReqWrap.onlookup [as oncomplete] (node:dns:109:26)","syscall":"getaddrinfo","timestamp":"2025-06-15T16:27:19.508Z"}
{"code":"ENOTFOUND","errno":-3008,"hostname":"smooth-weevil-26795.upstash.io","level":"error","message":"Redis client error: getaddrinfo ENOTFOUND smooth-weevil-26795.upstash.io","service":"auth-service","stack":"Error: getaddrinfo ENOTFOUND smooth-weevil-26795.upstash.io\n    at GetAddrInfoReqWrap.onlookup [as oncomplete] (node:dns:109:26)","syscall":"getaddrinfo","timestamp":"2025-06-15T16:27:21.168Z"}
{"code":"ENOTFOUND","errno":-3008,"hostname":"smooth-weevil-26795.upstash.io","level":"error","message":"Redis client error: getaddrinfo ENOTFOUND smooth-weevil-26795.upstash.io","service":"auth-service","stack":"Error: getaddrinfo ENOTFOUND smooth-weevil-26795.upstash.io\n    at GetAddrInfoReqWrap.onlookup [as oncomplete] (node:dns:109:26)","syscall":"getaddrinfo","timestamp":"2025-06-15T16:27:22.887Z"}
{"code":"ENOTFOUND","errno":-3008,"hostname":"smooth-weevil-26795.upstash.io","level":"error","message":"Redis client error: getaddrinfo ENOTFOUND smooth-weevil-26795.upstash.io","service":"auth-service","stack":"Error: getaddrinfo ENOTFOUND smooth-weevil-26795.upstash.io\n    at GetAddrInfoReqWrap.onlookup [as oncomplete] (node:dns:109:26)","syscall":"getaddrinfo","timestamp":"2025-06-15T16:27:24.654Z"}
{"code":"ENOTFOUND","errno":-3008,"hostname":"smooth-weevil-26795.upstash.io","level":"error","message":"Redis client error: getaddrinfo ENOTFOUND smooth-weevil-26795.upstash.io","service":"auth-service","stack":"Error: getaddrinfo ENOTFOUND smooth-weevil-26795.upstash.io\n    at GetAddrInfoReqWrap.onlookup [as oncomplete] (node:dns:109:26)","syscall":"getaddrinfo","timestamp":"2025-06-15T16:27:26.469Z"}
{"code":"ENOTFOUND","errno":-3008,"hostname":"smooth-weevil-26795.upstash.io","level":"error","message":"Redis client error: getaddrinfo ENOTFOUND smooth-weevil-26795.upstash.io","service":"auth-service","stack":"Error: getaddrinfo ENOTFOUND smooth-weevil-26795.upstash.io\n    at GetAddrInfoReqWrap.onlookup [as oncomplete] (node:dns:109:26)","syscall":"getaddrinfo","timestamp":"2025-06-15T16:27:28.329Z"}
{"code":"ENOTFOUND","errno":-3008,"hostname":"smooth-weevil-26795.upstash.io","level":"error","message":"Redis client error: getaddrinfo ENOTFOUND smooth-weevil-26795.upstash.io","service":"auth-service","stack":"Error: getaddrinfo ENOTFOUND smooth-weevil-26795.upstash.io\n    at GetAddrInfoReqWrap.onlookup [as oncomplete] (node:dns:109:26)","syscall":"getaddrinfo","timestamp":"2025-06-15T16:27:30.240Z"}
{"code":"ENOTFOUND","errno":-3008,"hostname":"smooth-weevil-26795.upstash.io","level":"error","message":"Redis client error: getaddrinfo ENOTFOUND smooth-weevil-26795.upstash.io","service":"auth-service","stack":"Error: getaddrinfo ENOTFOUND smooth-weevil-26795.upstash.io\n    at GetAddrInfoReqWrap.onlookup [as oncomplete] (node:dns:109:26)","syscall":"getaddrinfo","timestamp":"2025-06-15T16:27:32.196Z"}
{"code":"ENOTFOUND","errno":-3008,"hostname":"smooth-weevil-26795.upstash.io","level":"error","message":"Redis client error: getaddrinfo ENOTFOUND smooth-weevil-26795.upstash.io","service":"auth-service","stack":"Error: getaddrinfo ENOTFOUND smooth-weevil-26795.upstash.io\n    at GetAddrInfoReqWrap.onlookup [as oncomplete] (node:dns:109:26)","syscall":"getaddrinfo","timestamp":"2025-06-15T16:27:34.202Z"}
{"code":"ENOTFOUND","errno":-3008,"hostname":"smooth-weevil-26795.upstash.io","level":"error","message":"Redis client error: getaddrinfo ENOTFOUND smooth-weevil-26795.upstash.io","service":"auth-service","stack":"Error: getaddrinfo ENOTFOUND smooth-weevil-26795.upstash.io\n    at GetAddrInfoReqWrap.onlookup [as oncomplete] (node:dns:109:26)","syscall":"getaddrinfo","timestamp":"2025-06-15T16:27:36.210Z"}
{"code":"ENOTFOUND","errno":-3008,"hostname":"smooth-weevil-26795.upstash.io","level":"error","message":"Redis client error: getaddrinfo ENOTFOUND smooth-weevil-26795.upstash.io","service":"auth-service","stack":"Error: getaddrinfo ENOTFOUND smooth-weevil-26795.upstash.io\n    at GetAddrInfoReqWrap.onlookup [as oncomplete] (node:dns:109:26)","syscall":"getaddrinfo","timestamp":"2025-06-15T16:27:38.217Z"}
{"code":"ENOTFOUND","errno":-3008,"hostname":"smooth-weevil-26795.upstash.io","level":"error","message":"Redis client error: getaddrinfo ENOTFOUND smooth-weevil-26795.upstash.io","service":"auth-service","stack":"Error: getaddrinfo ENOTFOUND smooth-weevil-26795.upstash.io\n    at GetAddrInfoReqWrap.onlookup [as oncomplete] (node:dns:109:26)","syscall":"getaddrinfo","timestamp":"2025-06-15T16:27:40.222Z"}
{"code":"ENOTFOUND","errno":-3008,"hostname":"smooth-weevil-26795.upstash.io","level":"error","message":"Redis client error: getaddrinfo ENOTFOUND smooth-weevil-26795.upstash.io","service":"auth-service","stack":"Error: getaddrinfo ENOTFOUND smooth-weevil-26795.upstash.io\n    at GetAddrInfoReqWrap.onlookup [as oncomplete] (node:dns:109:26)","syscall":"getaddrinfo","timestamp":"2025-06-15T16:27:42.236Z"}
{"code":"ENOTFOUND","errno":-3008,"hostname":"smooth-weevil-26795.upstash.io","level":"error","message":"Redis client error: getaddrinfo ENOTFOUND smooth-weevil-26795.upstash.io","service":"auth-service","stack":"Error: getaddrinfo ENOTFOUND smooth-weevil-26795.upstash.io\n    at GetAddrInfoReqWrap.onlookup [as oncomplete] (node:dns:109:26)","syscall":"getaddrinfo","timestamp":"2025-06-15T16:27:44.252Z"}
{"code":"ENOTFOUND","errno":-3008,"hostname":"smooth-weevil-26795.upstash.io","level":"error","message":"Redis client error: getaddrinfo ENOTFOUND smooth-weevil-26795.upstash.io","service":"auth-service","stack":"Error: getaddrinfo ENOTFOUND smooth-weevil-26795.upstash.io\n    at GetAddrInfoReqWrap.onlookup [as oncomplete] (node:dns:109:26)","syscall":"getaddrinfo","timestamp":"2025-06-15T16:27:46.271Z"}
{"level":"info","message":"Redis client connected","service":"auth-service","timestamp":"2025-06-15T16:27:48.693Z"}
{"level":"info","message":"Redis client ready","service":"auth-service","timestamp":"2025-06-15T16:27:48.742Z"}
{"level":"info","message":"Server running on http://localhost:5000","service":"auth-service","timestamp":"2025-06-15T16:29:44.083Z"}
{"level":"info","message":"Redis client connected","service":"auth-service","timestamp":"2025-06-15T16:29:44.729Z"}
{"level":"info","message":"Redis client ready","service":"auth-service","timestamp":"2025-06-15T16:29:44.899Z"}
{"level":"info","message":"Redis test key value: Redis is connected","service":"auth-service","timestamp":"2025-06-15T16:29:45.177Z"}
{"level":"info","message":"Redis connection test successful","service":"auth-service","timestamp":"2025-06-15T16:29:45.178Z"}
{"level":"info","message":"Server running on http://localhost:5000","service":"auth-service","timestamp":"2025-06-15T16:30:48.989Z"}
{"level":"info","message":"Redis client connected","service":"auth-service","timestamp":"2025-06-15T16:30:49.755Z"}
{"level":"info","message":"Redis client ready","service":"auth-service","timestamp":"2025-06-15T16:30:49.807Z"}
{"level":"info","message":"Redis test key value: Redis is connected","service":"auth-service","timestamp":"2025-06-15T16:30:49.900Z"}
{"level":"info","message":"Redis connection test successful","service":"auth-service","timestamp":"2025-06-15T16:30:49.901Z"}
{"level":"info","message":"Server running on http://localhost:5000","service":"auth-service","timestamp":"2025-06-15T16:32:05.441Z"}
{"level":"info","message":"Redis client connected","service":"auth-service","timestamp":"2025-06-15T16:32:05.574Z"}
{"level":"info","message":"Redis client ready","service":"auth-service","timestamp":"2025-06-15T16:32:05.630Z"}
{"level":"info","message":"Redis test key value: Redis is connected","service":"auth-service","timestamp":"2025-06-15T16:32:05.726Z"}
{"level":"info","message":"Redis connection test successful","service":"auth-service","timestamp":"2025-06-15T16:32:05.727Z"}
{"error":"Invalid login: 535-5.7.8 Username and Password not accepted. For more information, go to\n535 5.7.8  https://support.google.com/mail/?p=BadCredentials d2e1a72fcca58-748900b75a8sm5226031b3a.133 - gsmtp","level":"error","message":"Email configuration error","service":"auth-service","stack":"Error: Invalid login: 535-5.7.8 Username and Password not accepted. For more information, go to\n535 5.7.8  https://support.google.com/mail/?p=BadCredentials d2e1a72fcca58-748900b75a8sm5226031b3a.133 - gsmtp\n    at SMTPConnection._formatError (C:\\BackEnd\\auth-api\\node_modules\\nodemailer\\lib\\smtp-connection\\index.js:809:19)\n    at SMTPConnection._actionAUTHComplete (C:\\BackEnd\\auth-api\\node_modules\\nodemailer\\lib\\smtp-connection\\index.js:1588:34)\n    at SMTPConnection.<anonymous> (C:\\BackEnd\\auth-api\\node_modules\\nodemailer\\lib\\smtp-connection\\index.js:556:26)\n    at SMTPConnection._processResponse (C:\\BackEnd\\auth-api\\node_modules\\nodemailer\\lib\\smtp-connection\\index.js:993:20)\n    at SMTPConnection._onData (C:\\BackEnd\\auth-api\\node_modules\\nodemailer\\lib\\smtp-connection\\index.js:774:14)\n    at TLSSocket.SMTPConnection._onSocketData (C:\\BackEnd\\auth-api\\node_modules\\nodemailer\\lib\\smtp-connection\\index.js:195:44)\n    at TLSSocket.emit (node:events:524:28)\n    at addChunk (node:internal/streams/readable:561:12)\n    at readableAddChunkPushByteMode (node:internal/streams/readable:512:3)\n    at TLSSocket.Readable.push (node:internal/streams/readable:392:5)","timestamp":"2025-06-15T16:32:07.613Z"}
{"level":"info","message":"Server running on http://localhost:5000","service":"auth-service","timestamp":"2025-06-15T16:32:13.352Z"}
{"level":"info","message":"Redis client connected","service":"auth-service","timestamp":"2025-06-15T16:32:13.479Z"}
{"level":"info","message":"Redis client ready","service":"auth-service","timestamp":"2025-06-15T16:32:13.535Z"}
{"level":"info","message":"Redis test key value: Redis is connected","service":"auth-service","timestamp":"2025-06-15T16:32:13.653Z"}
{"level":"info","message":"Redis connection test successful","service":"auth-service","timestamp":"2025-06-15T16:32:13.655Z"}
{"error":"Invalid login: 535-5.7.8 Username and Password not accepted. For more information, go to\n535 5.7.8  https://support.google.com/mail/?p=BadCredentials d9443c01a7336-2365decaf64sm45653025ad.216 - gsmtp","level":"error","message":"Email configuration error","service":"auth-service","stack":"Error: Invalid login: 535-5.7.8 Username and Password not accepted. For more information, go to\n535 5.7.8  https://support.google.com/mail/?p=BadCredentials d9443c01a7336-2365decaf64sm45653025ad.216 - gsmtp\n    at SMTPConnection._formatError (C:\\BackEnd\\auth-api\\node_modules\\nodemailer\\lib\\smtp-connection\\index.js:809:19)\n    at SMTPConnection._actionAUTHComplete (C:\\BackEnd\\auth-api\\node_modules\\nodemailer\\lib\\smtp-connection\\index.js:1588:34)\n    at SMTPConnection.<anonymous> (C:\\BackEnd\\auth-api\\node_modules\\nodemailer\\lib\\smtp-connection\\index.js:556:26)\n    at SMTPConnection._processResponse (C:\\BackEnd\\auth-api\\node_modules\\nodemailer\\lib\\smtp-connection\\index.js:993:20)\n    at SMTPConnection._onData (C:\\BackEnd\\auth-api\\node_modules\\nodemailer\\lib\\smtp-connection\\index.js:774:14)\n    at TLSSocket.SMTPConnection._onSocketData (C:\\BackEnd\\auth-api\\node_modules\\nodemailer\\lib\\smtp-connection\\index.js:195:44)\n    at TLSSocket.emit (node:events:524:28)\n    at addChunk (node:internal/streams/readable:561:12)\n    at readableAddChunkPushByteMode (node:internal/streams/readable:512:3)\n    at TLSSocket.Readable.push (node:internal/streams/readable:392:5)","timestamp":"2025-06-15T16:32:14.748Z"}
{"level":"info","message":"Server running on http://localhost:5000","service":"auth-service","timestamp":"2025-06-15T16:32:16.262Z"}
{"level":"info","message":"Redis client connected","service":"auth-service","timestamp":"2025-06-15T16:32:16.395Z"}
{"level":"info","message":"Redis client ready","service":"auth-service","timestamp":"2025-06-15T16:32:16.450Z"}
{"level":"info","message":"Redis test key value: Redis is connected","service":"auth-service","timestamp":"2025-06-15T16:32:16.535Z"}
{"level":"info","message":"Redis connection test successful","service":"auth-service","timestamp":"2025-06-15T16:32:16.563Z"}
{"error":"Invalid login: 535-5.7.8 Username and Password not accepted. For more information, go to\n535 5.7.8  https://support.google.com/mail/?p=BadCredentials 98e67ed59e1d1-313c1c4e3f0sm6786775a91.23 - gsmtp","level":"error","message":"Email configuration error","service":"auth-service","stack":"Error: Invalid login: 535-5.7.8 Username and Password not accepted. For more information, go to\n535 5.7.8  https://support.google.com/mail/?p=BadCredentials 98e67ed59e1d1-313c1c4e3f0sm6786775a91.23 - gsmtp\n    at SMTPConnection._formatError (C:\\BackEnd\\auth-api\\node_modules\\nodemailer\\lib\\smtp-connection\\index.js:809:19)\n    at SMTPConnection._actionAUTHComplete (C:\\BackEnd\\auth-api\\node_modules\\nodemailer\\lib\\smtp-connection\\index.js:1588:34)\n    at SMTPConnection.<anonymous> (C:\\BackEnd\\auth-api\\node_modules\\nodemailer\\lib\\smtp-connection\\index.js:556:26)\n    at SMTPConnection._processResponse (C:\\BackEnd\\auth-api\\node_modules\\nodemailer\\lib\\smtp-connection\\index.js:993:20)\n    at SMTPConnection._onData (C:\\BackEnd\\auth-api\\node_modules\\nodemailer\\lib\\smtp-connection\\index.js:774:14)\n    at TLSSocket.SMTPConnection._onSocketData (C:\\BackEnd\\auth-api\\node_modules\\nodemailer\\lib\\smtp-connection\\index.js:195:44)\n    at TLSSocket.emit (node:events:524:28)\n    at addChunk (node:internal/streams/readable:561:12)\n    at readableAddChunkPushByteMode (node:internal/streams/readable:512:3)\n    at TLSSocket.Readable.push (node:internal/streams/readable:392:5)","timestamp":"2025-06-15T16:32:18.443Z"}
{"level":"info","message":"Server running on http://localhost:5000","service":"auth-service","timestamp":"2025-06-15T16:32:26.328Z"}
{"level":"info","message":"Redis client connected","service":"auth-service","timestamp":"2025-06-15T16:32:26.500Z"}
{"level":"info","message":"Redis client ready","service":"auth-service","timestamp":"2025-06-15T16:32:26.560Z"}
{"level":"info","message":"Redis test key value: Redis is connected","service":"auth-service","timestamp":"2025-06-15T16:32:26.671Z"}
{"level":"info","message":"Redis connection test successful","service":"auth-service","timestamp":"2025-06-15T16:32:26.672Z"}
{"error":"Invalid login: 535-5.7.8 Username and Password not accepted. For more information, go to\n535 5.7.8  https://support.google.com/mail/?p=BadCredentials 98e67ed59e1d1-313c1bdc49asm6860597a91.17 - gsmtp","level":"error","message":"Email configuration error","service":"auth-service","stack":"Error: Invalid login: 535-5.7.8 Username and Password not accepted. For more information, go to\n535 5.7.8  https://support.google.com/mail/?p=BadCredentials 98e67ed59e1d1-313c1bdc49asm6860597a91.17 - gsmtp\n    at SMTPConnection._formatError (C:\\BackEnd\\auth-api\\node_modules\\nodemailer\\lib\\smtp-connection\\index.js:809:19)\n    at SMTPConnection._actionAUTHComplete (C:\\BackEnd\\auth-api\\node_modules\\nodemailer\\lib\\smtp-connection\\index.js:1588:34)\n    at SMTPConnection.<anonymous> (C:\\BackEnd\\auth-api\\node_modules\\nodemailer\\lib\\smtp-connection\\index.js:556:26)\n    at SMTPConnection._processResponse (C:\\BackEnd\\auth-api\\node_modules\\nodemailer\\lib\\smtp-connection\\index.js:993:20)\n    at SMTPConnection._onData (C:\\BackEnd\\auth-api\\node_modules\\nodemailer\\lib\\smtp-connection\\index.js:774:14)\n    at TLSSocket.SMTPConnection._onSocketData (C:\\BackEnd\\auth-api\\node_modules\\nodemailer\\lib\\smtp-connection\\index.js:195:44)\n    at TLSSocket.emit (node:events:524:28)\n    at addChunk (node:internal/streams/readable:561:12)\n    at readableAddChunkPushByteMode (node:internal/streams/readable:512:3)\n    at TLSSocket.Readable.push (node:internal/streams/readable:392:5)","timestamp":"2025-06-15T16:32:27.724Z"}
{"level":"info","message":"Server running on http://localhost:5000","service":"auth-service","timestamp":"2025-06-15T16:32:48.150Z"}
{"level":"info","message":"Redis client connected","service":"auth-service","timestamp":"2025-06-15T16:32:48.318Z"}
{"level":"info","message":"Redis client ready","service":"auth-service","timestamp":"2025-06-15T16:32:48.374Z"}
{"level":"info","message":"Redis test key value: Redis is connected","service":"auth-service","timestamp":"2025-06-15T16:32:48.480Z"}
{"level":"info","message":"Redis connection test successful","service":"auth-service","timestamp":"2025-06-15T16:32:48.482Z"}
{"error":"Invalid login: 535-5.7.8 Username and Password not accepted. For more information, go to\n535 5.7.8  https://support.google.com/mail/?p=BadCredentials 98e67ed59e1d1-313c1b595c3sm6818721a91.36 - gsmtp","level":"error","message":"Email configuration error","service":"auth-service","stack":"Error: Invalid login: 535-5.7.8 Username and Password not accepted. For more information, go to\n535 5.7.8  https://support.google.com/mail/?p=BadCredentials 98e67ed59e1d1-313c1b595c3sm6818721a91.36 - gsmtp\n    at SMTPConnection._formatError (C:\\BackEnd\\auth-api\\node_modules\\nodemailer\\lib\\smtp-connection\\index.js:809:19)\n    at SMTPConnection._actionAUTHComplete (C:\\BackEnd\\auth-api\\node_modules\\nodemailer\\lib\\smtp-connection\\index.js:1588:34)\n    at SMTPConnection.<anonymous> (C:\\BackEnd\\auth-api\\node_modules\\nodemailer\\lib\\smtp-connection\\index.js:556:26)\n    at SMTPConnection._processResponse (C:\\BackEnd\\auth-api\\node_modules\\nodemailer\\lib\\smtp-connection\\index.js:993:20)\n    at SMTPConnection._onData (C:\\BackEnd\\auth-api\\node_modules\\nodemailer\\lib\\smtp-connection\\index.js:774:14)\n    at TLSSocket.SMTPConnection._onSocketData (C:\\BackEnd\\auth-api\\node_modules\\nodemailer\\lib\\smtp-connection\\index.js:195:44)\n    at TLSSocket.emit (node:events:524:28)\n    at addChunk (node:internal/streams/readable:561:12)\n    at readableAddChunkPushByteMode (node:internal/streams/readable:512:3)\n    at TLSSocket.Readable.push (node:internal/streams/readable:392:5)","timestamp":"2025-06-15T16:32:50.355Z"}
{"level":"info","message":"Server running on http://localhost:5000","service":"auth-service","timestamp":"2025-06-15T17:10:10.119Z"}
{"level":"info","message":"Redis client connected","service":"auth-service","timestamp":"2025-06-15T17:10:10.197Z"}
{"level":"info","message":"Redis client ready","service":"auth-service","timestamp":"2025-06-15T17:10:10.222Z"}
{"level":"info","message":"Redis test key value: Redis is connected","service":"auth-service","timestamp":"2025-06-15T17:10:10.271Z"}
{"level":"info","message":"Redis connection test successful","service":"auth-service","timestamp":"2025-06-15T17:10:10.273Z"}
{"error":"Invalid login: 535-5.7.8 Username and Password not accepted. For more information, go to\n535 5.7.8  https://support.google.com/mail/?p=BadCredentials 41be03b00d2f7-b2fe1642ffcsm5233636a12.21 - gsmtp","level":"error","message":"Email configuration error","service":"auth-service","stack":"Error: Invalid login: 535-5.7.8 Username and Password not accepted. For more information, go to\n535 5.7.8  https://support.google.com/mail/?p=BadCredentials 41be03b00d2f7-b2fe1642ffcsm5233636a12.21 - gsmtp\n    at SMTPConnection._formatError (C:\\BackEnd\\auth-api\\node_modules\\nodemailer\\lib\\smtp-connection\\index.js:809:19)\n    at SMTPConnection._actionAUTHComplete (C:\\BackEnd\\auth-api\\node_modules\\nodemailer\\lib\\smtp-connection\\index.js:1588:34)\n    at SMTPConnection.<anonymous> (C:\\BackEnd\\auth-api\\node_modules\\nodemailer\\lib\\smtp-connection\\index.js:556:26)\n    at SMTPConnection._processResponse (C:\\BackEnd\\auth-api\\node_modules\\nodemailer\\lib\\smtp-connection\\index.js:993:20)\n    at SMTPConnection._onData (C:\\BackEnd\\auth-api\\node_modules\\nodemailer\\lib\\smtp-connection\\index.js:774:14)\n    at TLSSocket.SMTPConnection._onSocketData (C:\\BackEnd\\auth-api\\node_modules\\nodemailer\\lib\\smtp-connection\\index.js:195:44)\n    at TLSSocket.emit (node:events:524:28)\n    at addChunk (node:internal/streams/readable:561:12)\n    at readableAddChunkPushByteMode (node:internal/streams/readable:512:3)\n    at TLSSocket.Readable.push (node:internal/streams/readable:392:5)","timestamp":"2025-06-15T17:10:12.135Z"}
{"level":"info","message":"Server running on http://localhost:5000","service":"auth-service","timestamp":"2025-06-15T17:12:36.960Z"}
{"level":"info","message":"Redis client connected","service":"auth-service","timestamp":"2025-06-15T17:12:37.065Z"}
{"level":"info","message":"Redis client ready","service":"auth-service","timestamp":"2025-06-15T17:12:37.089Z"}
{"level":"info","message":"Redis test key value: Redis is connected","service":"auth-service","timestamp":"2025-06-15T17:12:37.123Z"}
{"level":"info","message":"Redis connection test successful","service":"auth-service","timestamp":"2025-06-15T17:12:37.125Z"}
{"level":"info","message":"Email server is ready to send messages","service":"auth-service","timestamp":"2025-06-15T17:12:38.873Z"}
{"level":"warn","message":"something is wrong","service":"auth-service","timestamp":"2025-06-15T17:12:57.287Z"}
{"level":"info","message":"Request received","service":"auth-service","timestamp":"2025-06-15T17:12:57.288Z"}
{"headers":{"accept":"image/avif,image/webp,image/apng,image/svg+xml,image/*,*/*;q=0.8","accept-encoding":"gzip, deflate, br, zstd","accept-language":"en-US,en;q=0.9","connection":"keep-alive","cookie":"next-auth.session-token=eyJhbGciOiJkaXIiLCJlbmMiOiJBMjU2R0NNIn0..pXFYJsbt5YO005IY.qqR756bdj70fzOXKT9LINUtCEHeVSAelnORgtex_n572YrMyMwjDC837357siTzTUWJ6KtD0aIhWzGlUJPfxTatIRGnTLNzqLHM6Y5NWNi93bRs6L5TCS2vpZGlpLb5avZMoMjSbXqsdg3nUVYv7k6AErH3Hf_LCXTeOBKWHG4j3pQEbE5Y-pdlW-kv2KYGB6xg9hnXS0ajGymo0A9hG138t6flBH3OF8dlBjetnBi93KdO_qp65-dQJ2D0ckWfNw03KnGT3UTE3cFD5ML90Jyff6rwFRMYHB4-exIehJ5A.YhbD1qxA4elwRo7Ex_swYA","host":"localhost:5000","sec-ch-ua":"\"Google Chrome\";v=\"137\", \"Chromium\";v=\"137\", \"Not/A)Brand\";v=\"24\"","sec-ch-ua-mobile":"?0","sec-ch-ua-platform":"\"Windows\"","sec-fetch-dest":"image","sec-fetch-mode":"no-cors","sec-fetch-site":"same-origin","user-agent":"Mozilla/5.0 (Windows NT 10.0; Win64; x64) AppleWebKit/537.36 (KHTML, like Gecko) Chrome/137.0.0.0 Safari/537.36"},"level":"debug","message":"Request details","method":"GET","service":"auth-service","timestamp":"2025-06-15T17:12:57.290Z","url":"/favicon.ico"}
{"level":"info","message":"GET /favicon.ico","service":"auth-service","timestamp":"2025-06-15T17:12:57.291Z"}
